RUNNING THE L-BFGS-B CODE

           * * *

Machine precision = 2.220D-16
 N =           48     M =           10

At X0         0 variables are exactly at the bounds

At iterate    0    f= -2.36901D+02    |proj g|=  1.33124D-01
 This problem is unconstrained.

At iterate    1    f= -2.37070D+02    |proj g|=  1.29299D-01

At iterate    2    f= -2.37151D+02    |proj g|=  6.09617D-02
Sparse Hamiltonian written to ./sparse_hamiltonian.txt
Iters. done: 1 [Current cost: -236.9007862339449]
Iters. done: 2 [Current cost: -236.90078623417503]
Iters. done: 3 [Current cost: -236.90078623429818]
Iters. done: 4 [Current cost: -236.90078623273857]
Iters. done: 5 [Current cost: -236.90078623343106]
Iters. done: 6 [Current cost: -236.90078623410056]
Iters. done: 7 [Current cost: -236.90078623467826]
Iters. done: 8 [Current cost: -236.9007862338476]
Iters. done: 9 [Current cost: -236.90078623410076]
Iters. done: 10 [Current cost: -236.90078623390235]
Iters. done: 11 [Current cost: -236.9007862338377]
Iters. done: 12 [Current cost: -236.9007862333298]
Iters. done: 13 [Current cost: -236.90078623397832]
Iters. done: 14 [Current cost: -236.90078623363033]
Iters. done: 15 [Current cost: -236.900786233117]
Iters. done: 16 [Current cost: -236.90078623383744]
Iters. done: 17 [Current cost: -236.9007862341788]
Iters. done: 18 [Current cost: -236.90078623285365]
Iters. done: 19 [Current cost: -236.9007862348717]
Iters. done: 20 [Current cost: -236.90078623373373]
Iters. done: 21 [Current cost: -236.900786234415]
Iters. done: 22 [Current cost: -236.90078623448574]
Iters. done: 23 [Current cost: -236.9007862338264]
Iters. done: 24 [Current cost: -236.90078623360216]
Iters. done: 25 [Current cost: -236.90078623383553]
Iters. done: 26 [Current cost: -236.90078623381132]
Iters. done: 27 [Current cost: -236.90078623414888]
Iters. done: 28 [Current cost: -236.90078623382703]
Iters. done: 29 [Current cost: -236.90078623374882]
Iters. done: 30 [Current cost: -236.90078623454804]
Iters. done: 31 [Current cost: -236.90078623492988]
Iters. done: 32 [Current cost: -236.90078623392728]
Iters. done: 33 [Current cost: -236.90078623374777]
Iters. done: 34 [Current cost: -236.90078623382027]
Iters. done: 35 [Current cost: -236.90078623370434]
Iters. done: 36 [Current cost: -236.90078623361518]
Iters. done: 37 [Current cost: -236.9007862336697]
Iters. done: 38 [Current cost: -236.9007862337295]
Iters. done: 39 [Current cost: -236.9007862339177]
Iters. done: 40 [Current cost: -236.90078623429042]
Iters. done: 41 [Current cost: -236.9007862341552]
Iters. done: 42 [Current cost: -236.90078623261365]
Iters. done: 43 [Current cost: -236.90078623341356]
Iters. done: 44 [Current cost: -236.90078623394479]
Iters. done: 45 [Current cost: -236.90078623389627]
Iters. done: 46 [Current cost: -236.9007862340655]
Iters. done: 47 [Current cost: -236.9007862339505]
Iters. done: 48 [Current cost: -236.9007862339494]
Iters. done: 49 [Current cost: -236.90078623382874]
Iters. done: 50 [Current cost: -237.07040186054118]
Iters. done: 51 [Current cost: -237.07040186051373]
Iters. done: 52 [Current cost: -237.07040186079755]
Iters. done: 53 [Current cost: -237.0704018601936]
Iters. done: 54 [Current cost: -237.07040186019236]
Iters. done: 55 [Current cost: -237.07040186100565]
Iters. done: 56 [Current cost: -237.07040186024287]
Iters. done: 57 [Current cost: -237.07040186047692]
Iters. done: 58 [Current cost: -237.07040186061084]
Iters. done: 59 [Current cost: -237.0704018597789]
Iters. done: 60 [Current cost: -237.0704018604741]
Iters. done: 61 [Current cost: -237.07040186042397]
Iters. done: 62 [Current cost: -237.07040186053197]
Iters. done: 63 [Current cost: -237.07040186029232]
Iters. done: 64 [Current cost: -237.07040186034678]
Iters. done: 65 [Current cost: -237.0704018605814]
Iters. done: 66 [Current cost: -237.07040186061442]
Iters. done: 67 [Current cost: -237.0704018601747]
Iters. done: 68 [Current cost: -237.0704018603196]
Iters. done: 69 [Current cost: -237.07040186045108]
Iters. done: 70 [Current cost: -237.07040186055497]
Iters. done: 71 [Current cost: -237.0704018606431]
Iters. done: 72 [Current cost: -237.0704018608261]
Iters. done: 73 [Current cost: -237.07040186027703]
Iters. done: 74 [Current cost: -237.07040186018486]
Iters. done: 75 [Current cost: -237.07040186078353]
Iters. done: 76 [Current cost: -237.07040186074053]
Iters. done: 77 [Current cost: -237.0704018610814]
Iters. done: 78 [Current cost: -237.0704018608307]
Iters. done: 79 [Current cost: -237.0704018592482]
Iters. done: 80 [Current cost: -237.07040186063338]
Iters. done: 81 [Current cost: -237.07040186056776]
Iters. done: 82 [Current cost: -237.07040186059336]
Iters. done: 83 [Current cost: -237.07040186047476]
Iters. done: 84 [Current cost: -237.07040186050227]
Iters. done: 85 [Current cost: -237.07040186067724]
Iters. done: 86 [Current cost: -237.07040186011855]
Iters. done: 87 [Current cost: -237.07040186065694]
Iters. done: 88 [Current cost: -237.07040186049286]
Iters. done: 89 [Current cost: -237.07040186077222]
Iters. done: 90 [Current cost: -237.07040186050097]
Iters. done: 91 [Current cost: -237.0704018608395]
Iters. done: 92 [Current cost: -237.07040185965576]
Iters. done: 93 [Current cost: -237.0704018605412]
Iters. done: 94 [Current cost: -237.07040186053763]
Iters. done: 95 [Current cost: -237.07040186056867]
Iters. done: 96 [Current cost: -237.07040186047124]
Iters. done: 97 [Current cost: -237.07040186063227]
Iters. done: 98 [Current cost: -237.07040186050412]
Iters. done: 99 [Current cost: -237.15111277493872]
Iters. done: 100 [Current cost: -237.15111277499784]
Iters. done: 101 [Current cost: -237.15111277479315]
Iters. done: 102 [Current cost: -237.15111277506605]
Iters. done: 103 [Current cost: -237.15111277486358]
Iters. done: 104 [Current cost: -237.15111277497252]
Iters. done: 105 [Current cost: -237.15111277503004]
Iters. done: 106 [Current cost: -237.15111277474392]
Iters. done: 107 [Current cost: -237.15111277489413]
Iters. done: 108 [Current cost: -237.15111277444962]
Iters. done: 109 [Current cost: -237.15111277492983]
Iters. done: 110 [Current cost: -237.15111277495754]
Iters. done: 111 [Current cost: -237.15111277493696]
Iters. done: 112 [Current cost: -237.1511127746312]
Iters. done: 113 [Current cost: -237.1511127752119]
Iters. done: 114 [Current cost: -237.15111277483655]
Iters. done: 115 [Current cost: -237.15111277487176]
Iters. done: 116 [Current cost: -237.15111277529908]
Iters. done: 117 [Current cost: -237.1511127751543]
Iters. done: 118 [Current cost: -237.15111277486167]
Iters. done: 119 [Current cost: -237.15111277500463]
Iters. done: 120 [Current cost: -237.1511127748726]
Iters. done: 121 [Current cost: -237.15111277513523]
Iters. done: 122 [Current cost: -237.15111277520865]
Iters. done: 123 [Current cost: -237.1511127748627]
Iters. done: 124 [Current cost: -237.15111277527845]
Iters. done: 125 [Current cost: -237.15111277510582]
Iters. done: 126 [Current cost: -237.15111277516834]
Iters. done: 127 [Current cost: -237.1511127750105]
Iters. done: 128 [Current cost: -237.1511127743291]
Iters. done: 129 [Current cost: -237.15111277504795]
Iters. done: 130 [Current cost: -237.1511127749768]
Iters. done: 131 [Current cost: -237.1511127749966]
Iters. done: 132 [Current cost: -237.15111277493025]
Iters. done: 133 [Current cost: -237.15111277496473]
Iters. done: 134 [Current cost: -237.1511127748754]
Iters. done: 135 [Current cost: -237.15111277466093]
Iters. done: 136 [Current cost: -237.15111277510331]
Iters. done: 137 [Current cost: -237.15111277491417]
Iters. done: 138 [Current cost: -237.15111277499327]
Iters. done: 139 [Current cost: -237.15111277486318]
Iters. done: 140 [Current cost: -237.1511127755172]
Iters. done: 141 [Current cost: -237.15111277468938]
Iters. done: 142 [Current cost: -237.15111277493867]
Iters. done: 143 [Current cost: -237.15111277497522]
Iters. done: 144 [Current cost: -237.15111277494194]
Iters. done: 145 [Current cost: -237.15111277485352]
Iters. done: 146 [Current cost: -237.151112775]
Iters. done: 147 [Current cost: -237.15111277491783]
Iters. done: 148 [Current cost: -237.1909336181556]
Iters. done: 149 [Current cost: -237.19093361829945]
Iters. done: 150 [Current cost: -237.1909336178667]
Iters. done: 151 [Current cost: -237.19093361816266]
Iters. done: 152 [Current cost: -237.19093361810116]
Iters. done: 153 [Current cost: -237.19093361775026]
Iters. done: 154 [Current cost: -237.1909336177306]
Iters. done: 155 [Current cost: -237.19093361796206]
Iters. done: 156 [Current cost: -237.1909336179027]

At iterate    3    f= -2.37191D+02    |proj g|=  4.98801D-02

At iterate    4    f= -2.37230D+02    |proj g|=  7.17932D-02

At iterate    5    f= -2.37263D+02    |proj g|=  5.94952D-02
Iters. done: 157 [Current cost: -237.19093361797903]
Iters. done: 158 [Current cost: -237.19093361815604]
Iters. done: 159 [Current cost: -237.19093361822544]
Iters. done: 160 [Current cost: -237.19093361821623]
Iters. done: 161 [Current cost: -237.19093361787327]
Iters. done: 162 [Current cost: -237.19093361837142]
Iters. done: 163 [Current cost: -237.19093361806455]
Iters. done: 164 [Current cost: -237.1909336181638]
Iters. done: 165 [Current cost: -237.1909336186544]
Iters. done: 166 [Current cost: -237.19093361795024]
Iters. done: 167 [Current cost: -237.19093361808177]
Iters. done: 168 [Current cost: -237.19093361824739]
Iters. done: 169 [Current cost: -237.19093361808515]
Iters. done: 170 [Current cost: -237.19093361823235]
Iters. done: 171 [Current cost: -237.19093361819958]
Iters. done: 172 [Current cost: -237.19093361856758]
Iters. done: 173 [Current cost: -237.19093361838785]
Iters. done: 174 [Current cost: -237.19093361825108]
Iters. done: 175 [Current cost: -237.1909336182253]
Iters. done: 176 [Current cost: -237.19093361815476]
Iters. done: 177 [Current cost: -237.19093361827365]
Iters. done: 178 [Current cost: -237.19093361825696]
Iters. done: 179 [Current cost: -237.19093361820916]
Iters. done: 180 [Current cost: -237.19093361819554]
Iters. done: 181 [Current cost: -237.19093361810974]
Iters. done: 182 [Current cost: -237.19093361827424]
Iters. done: 183 [Current cost: -237.19093361789595]
Iters. done: 184 [Current cost: -237.19093361807697]
Iters. done: 185 [Current cost: -237.19093361826683]
Iters. done: 186 [Current cost: -237.190933618174]
Iters. done: 187 [Current cost: -237.19093361809678]
Iters. done: 188 [Current cost: -237.19093361799744]
Iters. done: 189 [Current cost: -237.1909336183955]
Iters. done: 190 [Current cost: -237.1909336179132]
Iters. done: 191 [Current cost: -237.19093361815573]
Iters. done: 192 [Current cost: -237.19093361819668]
Iters. done: 193 [Current cost: -237.19093361814384]
Iters. done: 194 [Current cost: -237.19093361809212]
Iters. done: 195 [Current cost: -237.19093361818548]
Iters. done: 196 [Current cost: -237.19093361813512]
Iters. done: 197 [Current cost: -237.22973919572698]
Iters. done: 198 [Current cost: -237.22973919594662]
Iters. done: 199 [Current cost: -237.22973919556378]
Iters. done: 200 [Current cost: -237.2297391955774]
Iters. done: 201 [Current cost: -237.22973919557316]
Iters. done: 202 [Current cost: -237.22973919500905]
Iters. done: 203 [Current cost: -237.22973919585706]
Iters. done: 204 [Current cost: -237.22973919564706]
Iters. done: 205 [Current cost: -237.22973919548394]
Iters. done: 206 [Current cost: -237.22973919583714]
Iters. done: 207 [Current cost: -237.2297391957265]
Iters. done: 208 [Current cost: -237.22973919590967]
Iters. done: 209 [Current cost: -237.22973919573764]
Iters. done: 210 [Current cost: -237.22973919549375]
Iters. done: 211 [Current cost: -237.22973919580915]
Iters. done: 212 [Current cost: -237.2297391954426]
Iters. done: 213 [Current cost: -237.22973919582122]
Iters. done: 214 [Current cost: -237.22973919578644]
Iters. done: 215 [Current cost: -237.22973919584243]
Iters. done: 216 [Current cost: -237.22973919569887]
Iters. done: 217 [Current cost: -237.2297391957217]
Iters. done: 218 [Current cost: -237.22973919567468]
Iters. done: 219 [Current cost: -237.22973919570603]
Iters. done: 220 [Current cost: -237.2297391958075]
Iters. done: 221 [Current cost: -237.22973919587557]
Iters. done: 222 [Current cost: -237.22973919590834]
Iters. done: 223 [Current cost: -237.22973919572837]
Iters. done: 224 [Current cost: -237.22973919569986]
Iters. done: 225 [Current cost: -237.2297391957557]
Iters. done: 226 [Current cost: -237.22973919605622]
Iters. done: 227 [Current cost: -237.22973919573198]
Iters. done: 228 [Current cost: -237.2297391957816]
Iters. done: 229 [Current cost: -237.22973919573164]
Iters. done: 230 [Current cost: -237.22973919557654]
Iters. done: 231 [Current cost: -237.22973919589572]
Iters. done: 232 [Current cost: -237.22973919573255]
Iters. done: 233 [Current cost: -237.22973919561355]
Iters. done: 234 [Current cost: -237.2297391956982]
Iters. done: 235 [Current cost: -237.22973919567247]
Iters. done: 236 [Current cost: -237.2297391956559]
Iters. done: 237 [Current cost: -237.22973919560994]
Iters. done: 238 [Current cost: -237.2297391955558]
Iters. done: 239 [Current cost: -237.22973919618218]
Iters. done: 240 [Current cost: -237.22973919572703]
Iters. done: 241 [Current cost: -237.2297391957329]
Iters. done: 242 [Current cost: -237.22973919568375]
Iters. done: 243 [Current cost: -237.229739195672]
Iters. done: 244 [Current cost: -237.22973919572794]
Iters. done: 245 [Current cost: -237.22973919570347]
Iters. done: 246 [Current cost: -237.26310512659458]
Iters. done: 247 [Current cost: -237.26310512681647]
Iters. done: 248 [Current cost: -237.26310512670312]
Iters. done: 249 [Current cost: -237.26310512632082]
Iters. done: 250 [Current cost: -237.26310512642863]
Iters. done: 251 [Current cost: -237.26310512599963]
Iters. done: 252 [Current cost: -237.26310512633086]
Iters. done: 253 [Current cost: -237.2631051265984]
Iters. done: 254 [Current cost: -237.26310512647075]
Iters. done: 255 [Current cost: -237.26310512691728]
Iters. done: 256 [Current cost: -237.26310512660513]
Iters. done: 257 [Current cost: -237.2631051268835]
Iters. done: 258 [Current cost: -237.26310512657798]
Iters. done: 259 [Current cost: -237.26310512651673]
Iters. done: 260 [Current cost: -237.2631051265812]
Iters. done: 261 [Current cost: -237.2631051260621]
Iters. done: 262 [Current cost: -237.26310512647817]
Iters. done: 263 [Current cost: -237.26310512624]
Iters. done: 264 [Current cost: -237.26310512642945]
Iters. done: 265 [Current cost: -237.26310512659958]
Iters. done: 266 [Current cost: -237.26310512653484]
Iters. done: 267 [Current cost: -237.26310512661593]
Iters. done: 268 [Current cost: -237.26310512646452]
Iters. done: 269 [Current cost: -237.26310512634416]
Iters. done: 270 [Current cost: -237.2631051263519]
Iters. done: 271 [Current cost: -237.2631051267121]
Iters. done: 272 [Current cost: -237.2631051265223]
Iters. done: 273 [Current cost: -237.26310512669468]
Iters. done: 274 [Current cost: -237.26310512662332]
Iters. done: 275 [Current cost: -237.2631051270512]
Iters. done: 276 [Current cost: -237.2631051266294]
Iters. done: 277 [Current cost: -237.2631051266262]
Iters. done: 278 [Current cost: -237.2631051266034]
Iters. done: 279 [Current cost: -237.26310512642925]
Iters. done: 280 [Current cost: -237.2631051267145]
Iters. done: 281 [Current cost: -237.26310512680425]
Iters. done: 282 [Current cost: -237.26310512645503]
Iters. done: 283 [Current cost: -237.2631051264839]
Iters. done: 284 [Current cost: -237.26310512650213]
Iters. done: 285 [Current cost: -237.26310512657625]
Iters. done: 286 [Current cost: -237.26310512648809]
Iters. done: 287 [Current cost: -237.2631051261582]
Iters. done: 288 [Current cost: -237.26310512701008]
Iters. done: 289 [Current cost: -237.26310512659452]
Iters. done: 290 [Current cost: -237.26310512657898]
Iters. done: 291 [Current cost: -237.26310512651625]
Iters. done: 292 [Current cost: -237.26310512656832]
Iters. done: 293 [Current cost: -237.2631051265821]
Iters. done: 294 [Current cost: -237.26310512658236]
Iters. done: 295 [Current cost: -237.29408414963686]
Iters. done: 296 [Current cost: -237.29408414946863]
Iters. done: 297 [Current cost: -237.294084150252]
Iters. done: 298 [Current cost: -237.29408414896017]
Iters. done: 299 [Current cost: -237.29408414944385]
Iters. done: 300 [Current cost: -237.29408414997556]
Iters. done: 301 [Current cost: -237.29408414953318]
Iters. done: 302 [Current cost: -237.29408414966568]
Iters. done: 303 [Current cost: -237.29408415007475]
Iters. done: 304 [Current cost: -237.29408415030252]
Iters. done: 305 [Current cost: -237.29408414966412]
Iters. done: 306 [Current cost: -237.29408414976695]
Iters. done: 307 [Current cost: -237.29408414965187]
Iters. done: 308 [Current cost: -237.29408415018622]
Iters. done: 309 [Current cost: -237.2940841495546]
Iters. done: 310 [Current cost: -237.2940841493579]
Iters. done: 311 [Current cost: -237.2940841489308]

At iterate    6    f= -2.37294D+02    |proj g|=  1.06351D-01

At iterate    7    f= -2.37362D+02    |proj g|=  6.42814D-02

At iterate    8    f= -2.37390D+02    |proj g|=  7.99389D-02
Iters. done: 312 [Current cost: -237.29408414857335]
Iters. done: 313 [Current cost: -237.29408414963692]
Iters. done: 314 [Current cost: -237.29408414967122]
Iters. done: 315 [Current cost: -237.29408414954327]
Iters. done: 316 [Current cost: -237.29408414977507]
Iters. done: 317 [Current cost: -237.29408414949103]
Iters. done: 318 [Current cost: -237.294084149392]
Iters. done: 319 [Current cost: -237.29408414941688]
Iters. done: 320 [Current cost: -237.2940841494838]
Iters. done: 321 [Current cost: -237.29408414948747]
Iters. done: 322 [Current cost: -237.29408414990885]
Iters. done: 323 [Current cost: -237.2940841495947]
Iters. done: 324 [Current cost: -237.29408415030545]
Iters. done: 325 [Current cost: -237.29408414970342]
Iters. done: 326 [Current cost: -237.29408414965687]
Iters. done: 327 [Current cost: -237.29408414972417]
Iters. done: 328 [Current cost: -237.29408414965047]
Iters. done: 329 [Current cost: -237.294084149692]
Iters. done: 330 [Current cost: -237.29408414988907]
Iters. done: 331 [Current cost: -237.29408414979355]
Iters. done: 332 [Current cost: -237.29408414949907]
Iters. done: 333 [Current cost: -237.2940841496866]
Iters. done: 334 [Current cost: -237.29408414936302]
Iters. done: 335 [Current cost: -237.294084149657]
Iters. done: 336 [Current cost: -237.2940841488746]
Iters. done: 337 [Current cost: -237.29408414990812]
Iters. done: 338 [Current cost: -237.29408414963692]
Iters. done: 339 [Current cost: -237.2940841496325]
Iters. done: 340 [Current cost: -237.29408414950834]
Iters. done: 341 [Current cost: -237.29408414973338]
Iters. done: 342 [Current cost: -237.29408414959875]
Iters. done: 343 [Current cost: -237.29408414965138]
Iters. done: 344 [Current cost: -237.36192221530104]
Iters. done: 345 [Current cost: -237.36192221533142]
Iters. done: 346 [Current cost: -237.36192221572193]
Iters. done: 347 [Current cost: -237.36192221492053]
Iters. done: 348 [Current cost: -237.36192221509162]
Iters. done: 349 [Current cost: -237.36192221528395]
Iters. done: 350 [Current cost: -237.3619222153514]
Iters. done: 351 [Current cost: -237.36192221533162]
Iters. done: 352 [Current cost: -237.3619222155922]
Iters. done: 353 [Current cost: -237.36192221555666]
Iters. done: 354 [Current cost: -237.36192221533088]
Iters. done: 355 [Current cost: -237.36192221523467]
Iters. done: 356 [Current cost: -237.36192221534034]
Iters. done: 357 [Current cost: -237.36192221564318]
Iters. done: 358 [Current cost: -237.36192221526176]
Iters. done: 359 [Current cost: -237.36192221492868]
Iters. done: 360 [Current cost: -237.36192221486746]
Iters. done: 361 [Current cost: -237.36192221505917]
Iters. done: 362 [Current cost: -237.36192221540531]
Iters. done: 363 [Current cost: -237.3619222153222]
Iters. done: 364 [Current cost: -237.36192221523265]
Iters. done: 365 [Current cost: -237.36192221535936]
Iters. done: 366 [Current cost: -237.3619222152673]
Iters. done: 367 [Current cost: -237.36192221512968]
Iters. done: 368 [Current cost: -237.36192221465822]
Iters. done: 369 [Current cost: -237.36192221521313]
Iters. done: 370 [Current cost: -237.36192221522003]
Iters. done: 371 [Current cost: -237.36192221542672]
Iters. done: 372 [Current cost: -237.36192221521813]
Iters. done: 373 [Current cost: -237.3619222154293]
Iters. done: 374 [Current cost: -237.36192221530828]
Iters. done: 375 [Current cost: -237.36192221531334]
Iters. done: 376 [Current cost: -237.36192221535822]
Iters. done: 377 [Current cost: -237.36192221522722]
Iters. done: 378 [Current cost: -237.36192221535882]
Iters. done: 379 [Current cost: -237.36192221530584]
Iters. done: 380 [Current cost: -237.3619222150021]
Iters. done: 381 [Current cost: -237.36192221514452]
Iters. done: 382 [Current cost: -237.36192221536422]
Iters. done: 383 [Current cost: -237.3619222152404]
Iters. done: 384 [Current cost: -237.3619222153908]
Iters. done: 385 [Current cost: -237.3619222150958]
Iters. done: 386 [Current cost: -237.36192221481988]
Iters. done: 387 [Current cost: -237.3619222153011]
Iters. done: 388 [Current cost: -237.36192221529427]
Iters. done: 389 [Current cost: -237.36192221517655]
Iters. done: 390 [Current cost: -237.36192221541364]
Iters. done: 391 [Current cost: -237.36192221527295]
Iters. done: 392 [Current cost: -237.36192221531826]
Iters. done: 393 [Current cost: -237.38970235451015]
Iters. done: 394 [Current cost: -237.38970235465518]
Iters. done: 395 [Current cost: -237.3897023547363]
Iters. done: 396 [Current cost: -237.3897023551592]
Iters. done: 397 [Current cost: -237.38970235443807]
Iters. done: 398 [Current cost: -237.3897023543833]
Iters. done: 399 [Current cost: -237.38970235478322]
Iters. done: 400 [Current cost: -237.38970235453112]
Iters. done: 401 [Current cost: -237.38970235447846]
Iters. done: 402 [Current cost: -237.38970235448903]
Iters. done: 403 [Current cost: -237.38970235455187]
Iters. done: 404 [Current cost: -237.38970235450233]
Iters. done: 405 [Current cost: -237.38970235450608]
Iters. done: 406 [Current cost: -237.38970235473482]
Iters. done: 407 [Current cost: -237.38970235530954]
Iters. done: 408 [Current cost: -237.38970235436767]
Iters. done: 409 [Current cost: -237.38970235457958]
Iters. done: 410 [Current cost: -237.38970235486892]
Iters. done: 411 [Current cost: -237.3897023543289]
Iters. done: 412 [Current cost: -237.38970235452527]
Iters. done: 413 [Current cost: -237.3897023544987]
Iters. done: 414 [Current cost: -237.38970235448463]
Iters. done: 415 [Current cost: -237.38970235462088]
Iters. done: 416 [Current cost: -237.38970235455224]
Iters. done: 417 [Current cost: -237.38970235481864]
Iters. done: 418 [Current cost: -237.38970235447246]
Iters. done: 419 [Current cost: -237.38970235449293]
Iters. done: 420 [Current cost: -237.38970235457185]
Iters. done: 421 [Current cost: -237.38970235443338]
Iters. done: 422 [Current cost: -237.38970235413987]
Iters. done: 423 [Current cost: -237.38970235449003]
Iters. done: 424 [Current cost: -237.38970235451603]
Iters. done: 425 [Current cost: -237.38970235452535]
Iters. done: 426 [Current cost: -237.38970235444566]
Iters. done: 427 [Current cost: -237.38970235452345]
Iters. done: 428 [Current cost: -237.38970235434485]
Iters. done: 429 [Current cost: -237.3897023544385]
Iters. done: 430 [Current cost: -237.38970235436636]
Iters. done: 431 [Current cost: -237.3897023546198]
Iters. done: 432 [Current cost: -237.3897023544476]
Iters. done: 433 [Current cost: -237.38970235466343]
Iters. done: 434 [Current cost: -237.38970235487818]
Iters. done: 435 [Current cost: -237.38970235462946]
Iters. done: 436 [Current cost: -237.38970235451012]
Iters. done: 437 [Current cost: -237.38970235451703]
Iters. done: 438 [Current cost: -237.38970235438526]
Iters. done: 439 [Current cost: -237.38970235463896]
Iters. done: 440 [Current cost: -237.38970235450347]
Iters. done: 441 [Current cost: -237.38970235452032]
Iters. done: 442 [Current cost: -237.4064628384658]
Iters. done: 443 [Current cost: -237.40646283857708]
Iters. done: 444 [Current cost: -237.40646283858567]
Iters. done: 445 [Current cost: -237.40646283833362]
Iters. done: 446 [Current cost: -237.4064628383675]
Iters. done: 447 [Current cost: -237.4064628383124]
Iters. done: 448 [Current cost: -237.40646283824609]
Iters. done: 449 [Current cost: -237.40646283847195]
Iters. done: 450 [Current cost: -237.4064628385903]
Iters. done: 451 [Current cost: -237.40646283830978]
Iters. done: 452 [Current cost: -237.4064628384962]
Iters. done: 453 [Current cost: -237.40646283846718]
Iters. done: 454 [Current cost: -237.40646283846863]
Iters. done: 455 [Current cost: -237.40646283853695]
Iters. done: 456 [Current cost: -237.406462838474]
Iters. done: 457 [Current cost: -237.4064628384257]
Iters. done: 458 [Current cost: -237.40646283865362]
Iters. done: 459 [Current cost: -237.40646283848176]
Iters. done: 460 [Current cost: -237.4064628384842]
Iters. done: 461 [Current cost: -237.40646283847033]
Iters. done: 462 [Current cost: -237.40646283843324]
Iters. done: 463 [Current cost: -237.40646283844038]
Iters. done: 464 [Current cost: -237.40646283854497]
Iters. done: 465 [Current cost: -237.4064628384416]
Iters. done: 466 [Current cost: -237.4064628386018]

At iterate    9    f= -2.37406D+02    |proj g|=  3.60757D-02

At iterate   10    f= -2.37413D+02    |proj g|=  2.53863D-02

At iterate   11    f= -2.37419D+02    |proj g|=  3.66157D-02
Iters. done: 467 [Current cost: -237.406462838464]
Iters. done: 468 [Current cost: -237.40646283842625]
Iters. done: 469 [Current cost: -237.40646283855193]
Iters. done: 470 [Current cost: -237.4064628383971]
Iters. done: 471 [Current cost: -237.40646283810506]
Iters. done: 472 [Current cost: -237.40646283845297]
Iters. done: 473 [Current cost: -237.40646283846448]
Iters. done: 474 [Current cost: -237.40646283849665]
Iters. done: 475 [Current cost: -237.40646283838663]
Iters. done: 476 [Current cost: -237.406462838527]
Iters. done: 477 [Current cost: -237.40646283850094]
Iters. done: 478 [Current cost: -237.40646283833482]
Iters. done: 479 [Current cost: -237.40646283834863]
Iters. done: 480 [Current cost: -237.40646283853903]
Iters. done: 481 [Current cost: -237.40646283848477]
Iters. done: 482 [Current cost: -237.40646283859232]
Iters. done: 483 [Current cost: -237.40646283866687]
Iters. done: 484 [Current cost: -237.40646283841127]
Iters. done: 485 [Current cost: -237.40646283846573]
Iters. done: 486 [Current cost: -237.40646283846712]
Iters. done: 487 [Current cost: -237.40646283835]
Iters. done: 488 [Current cost: -237.4064628385837]
Iters. done: 489 [Current cost: -237.4064628384644]
Iters. done: 490 [Current cost: -237.40646283846723]
Iters. done: 491 [Current cost: -237.41349242447453]
Iters. done: 492 [Current cost: -237.41349242450454]
Iters. done: 493 [Current cost: -237.41349242456124]
Iters. done: 494 [Current cost: -237.41349242422066]
Iters. done: 495 [Current cost: -237.41349242440523]
Iters. done: 496 [Current cost: -237.41349242458196]
Iters. done: 497 [Current cost: -237.41349242455578]
Iters. done: 498 [Current cost: -237.41349242447671]
Iters. done: 499 [Current cost: -237.41349242466035]
Iters. done: 500 [Current cost: -237.41349242434717]
Iters. done: 501 [Current cost: -237.41349242450747]
Iters. done: 502 [Current cost: -237.4134924244524]
Iters. done: 503 [Current cost: -237.41349242447615]
Iters. done: 504 [Current cost: -237.41349242456477]
Iters. done: 505 [Current cost: -237.41349242435192]
Iters. done: 506 [Current cost: -237.41349242459603]
Iters. done: 507 [Current cost: -237.4134924245509]
Iters. done: 508 [Current cost: -237.41349242461555]
Iters. done: 509 [Current cost: -237.41349242452588]
Iters. done: 510 [Current cost: -237.4134924244763]
Iters. done: 511 [Current cost: -237.41349242444664]
Iters. done: 512 [Current cost: -237.4134924244563]
Iters. done: 513 [Current cost: -237.41349242454444]
Iters. done: 514 [Current cost: -237.4134924244382]
Iters. done: 515 [Current cost: -237.41349242430502]
Iters. done: 516 [Current cost: -237.41349242447595]
Iters. done: 517 [Current cost: -237.41349242442547]
Iters. done: 518 [Current cost: -237.41349242453782]
Iters. done: 519 [Current cost: -237.41349242441473]
Iters. done: 520 [Current cost: -237.41349242436937]
Iters. done: 521 [Current cost: -237.41349242447833]
Iters. done: 522 [Current cost: -237.4134924244697]
Iters. done: 523 [Current cost: -237.4134924245017]
Iters. done: 524 [Current cost: -237.41349242442178]
Iters. done: 525 [Current cost: -237.41349242454078]
Iters. done: 526 [Current cost: -237.41349242454388]
Iters. done: 527 [Current cost: -237.41349242450323]
Iters. done: 528 [Current cost: -237.41349242437295]
Iters. done: 529 [Current cost: -237.41349242452984]
Iters. done: 530 [Current cost: -237.4134924245023]
Iters. done: 531 [Current cost: -237.41349242464497]
Iters. done: 532 [Current cost: -237.4134924244898]
Iters. done: 533 [Current cost: -237.4134924244441]
Iters. done: 534 [Current cost: -237.41349242447453]
Iters. done: 535 [Current cost: -237.41349242447498]
Iters. done: 536 [Current cost: -237.41349242436607]
Iters. done: 537 [Current cost: -237.4134924245878]
Iters. done: 538 [Current cost: -237.41349242447788]
Iters. done: 539 [Current cost: -237.41349242446998]
Iters. done: 540 [Current cost: -237.41862475152232]
Iters. done: 541 [Current cost: -237.41862475148656]
Iters. done: 542 [Current cost: -237.4186247515584]
Iters. done: 543 [Current cost: -237.41862475141224]
Iters. done: 544 [Current cost: -237.4186247514616]
Iters. done: 545 [Current cost: -237.4186247516399]
Iters. done: 546 [Current cost: -237.418624751214]
Iters. done: 547 [Current cost: -237.4186247515222]
Iters. done: 548 [Current cost: -237.41862475159462]
Iters. done: 549 [Current cost: -237.41862475145106]
Iters. done: 550 [Current cost: -237.41862475154554]
Iters. done: 551 [Current cost: -237.41862475163362]
Iters. done: 552 [Current cost: -237.41862475152237]
Iters. done: 553 [Current cost: -237.41862475146223]
Iters. done: 554 [Current cost: -237.41862475146374]
Iters. done: 555 [Current cost: -237.41862475155253]
Iters. done: 556 [Current cost: -237.41862475152033]
Iters. done: 557 [Current cost: -237.41862475115616]
Iters. done: 558 [Current cost: -237.41862475155529]
Iters. done: 559 [Current cost: -237.41862475152217]
Iters. done: 560 [Current cost: -237.41862475148517]
Iters. done: 561 [Current cost: -237.41862475148827]
Iters. done: 562 [Current cost: -237.4186247515999]
Iters. done: 563 [Current cost: -237.41862475151555]
Iters. done: 564 [Current cost: -237.41862475149736]
Iters. done: 565 [Current cost: -237.41862475157924]
Iters. done: 566 [Current cost: -237.41862475148622]
Iters. done: 567 [Current cost: -237.4186247515981]
Iters. done: 568 [Current cost: -237.41862475147204]
Iters. done: 569 [Current cost: -237.41862475171308]
Iters. done: 570 [Current cost: -237.41862475152504]
Iters. done: 571 [Current cost: -237.4186247515163]
Iters. done: 572 [Current cost: -237.41862475155946]
Iters. done: 573 [Current cost: -237.41862475151066]
Iters. done: 574 [Current cost: -237.4186247515911]
Iters. done: 575 [Current cost: -237.41862475156168]
Iters. done: 576 [Current cost: -237.41862475162583]
Iters. done: 577 [Current cost: -237.41862475149134]
Iters. done: 578 [Current cost: -237.41862475156046]
Iters. done: 579 [Current cost: -237.4186247515123]
Iters. done: 580 [Current cost: -237.41862475152706]
Iters. done: 581 [Current cost: -237.41862475139925]
Iters. done: 582 [Current cost: -237.4186247517068]
Iters. done: 583 [Current cost: -237.41862475152232]
Iters. done: 584 [Current cost: -237.41862475152212]
Iters. done: 585 [Current cost: -237.41862475144035]
Iters. done: 586 [Current cost: -237.41862475160787]
Iters. done: 587 [Current cost: -237.41862475152485]
Iters. done: 588 [Current cost: -237.41862475152152]
Iters. done: 589 [Current cost: -237.42257425656976]
Iters. done: 590 [Current cost: -237.42257425651465]
Iters. done: 591 [Current cost: -237.42257425657797]
Iters. done: 592 [Current cost: -237.42257425655455]
Iters. done: 593 [Current cost: -237.42257425652213]
Iters. done: 594 [Current cost: -237.42257425667842]
Iters. done: 595 [Current cost: -237.422574256656]
Iters. done: 596 [Current cost: -237.42257425656987]
Iters. done: 597 [Current cost: -237.4225742565993]
Iters. done: 598 [Current cost: -237.42257425649834]
Iters. done: 599 [Current cost: -237.4225742565859]
Iters. done: 600 [Current cost: -237.42257425659795]
Iters. done: 601 [Current cost: -237.42257425656902]
Iters. done: 602 [Current cost: -237.42257425645025]
Iters. done: 603 [Current cost: -237.4225742565821]
Iters. done: 604 [Current cost: -237.42257425657522]
Iters. done: 605 [Current cost: -237.42257425660253]
Iters. done: 606 [Current cost: -237.4225742565645]
Iters. done: 607 [Current cost: -237.42257425655782]
Iters. done: 608 [Current cost: -237.42257425656962]
Iters. done: 609 [Current cost: -237.4225742565366]
Iters. done: 610 [Current cost: -237.42257425653642]
Iters. done: 611 [Current cost: -237.42257425663888]
Iters. done: 612 [Current cost: -237.42257425658002]
Iters. done: 613 [Current cost: -237.42257425666386]
Iters. done: 614 [Current cost: -237.4225742566411]
Iters. done: 615 [Current cost: -237.42257425654455]
Iters. done: 616 [Current cost: -237.42257425664107]
Iters. done: 617 [Current cost: -237.4225742565324]
Iters. done: 618 [Current cost: -237.4225742566972]
Iters. done: 619 [Current cost: -237.42257425657155]
Iters. done: 620 [Current cost: -237.42257425656445]
Iters. done: 621 [Current cost: -237.42257425660262]

At iterate   12    f= -2.37423D+02    |proj g|=  1.27443D-02

At iterate   13    f= -2.37425D+02    |proj g|=  1.12806D-02

At iterate   14    f= -2.37426D+02    |proj g|=  1.39096D-02
Iters. done: 622 [Current cost: -237.42257425657405]
Iters. done: 623 [Current cost: -237.4225742566283]
Iters. done: 624 [Current cost: -237.4225742565603]
Iters. done: 625 [Current cost: -237.42257425664008]
Iters. done: 626 [Current cost: -237.42257425656624]
Iters. done: 627 [Current cost: -237.42257425659608]
Iters. done: 628 [Current cost: -237.42257425660392]
Iters. done: 629 [Current cost: -237.4225742565232]
Iters. done: 630 [Current cost: -237.4225742564822]
Iters. done: 631 [Current cost: -237.4225742565917]
Iters. done: 632 [Current cost: -237.42257425656976]
Iters. done: 633 [Current cost: -237.42257425657007]
Iters. done: 634 [Current cost: -237.42257425650848]
Iters. done: 635 [Current cost: -237.42257425663286]
Iters. done: 636 [Current cost: -237.4225742565715]
Iters. done: 637 [Current cost: -237.4225742565687]
Iters. done: 638 [Current cost: -237.42463723101386]
Iters. done: 639 [Current cost: -237.42463723095986]
Iters. done: 640 [Current cost: -237.42463723101508]
Iters. done: 641 [Current cost: -237.42463723110254]
Iters. done: 642 [Current cost: -237.42463723098493]
Iters. done: 643 [Current cost: -237.4246372310705]
Iters. done: 644 [Current cost: -237.42463723111203]
Iters. done: 645 [Current cost: -237.424637231014]
Iters. done: 646 [Current cost: -237.42463723102176]
Iters. done: 647 [Current cost: -237.4246372309725]
Iters. done: 648 [Current cost: -237.42463723102347]
Iters. done: 649 [Current cost: -237.42463723098868]
Iters. done: 650 [Current cost: -237.42463723101395]
Iters. done: 651 [Current cost: -237.4246372309164]
Iters. done: 652 [Current cost: -237.42463723111388]
Iters. done: 653 [Current cost: -237.42463723100312]
Iters. done: 654 [Current cost: -237.42463723106698]
Iters. done: 655 [Current cost: -237.42463723112667]
Iters. done: 656 [Current cost: -237.42463723097416]
Iters. done: 657 [Current cost: -237.42463723101375]
Iters. done: 658 [Current cost: -237.42463723099348]
Iters. done: 659 [Current cost: -237.42463723099266]
Iters. done: 660 [Current cost: -237.42463723105908]
Iters. done: 661 [Current cost: -237.42463723103833]
Iters. done: 662 [Current cost: -237.42463723099436]
Iters. done: 663 [Current cost: -237.42463723107755]
Iters. done: 664 [Current cost: -237.42463723099942]
Iters. done: 665 [Current cost: -237.4246372310527]
Iters. done: 666 [Current cost: -237.42463723098908]
Iters. done: 667 [Current cost: -237.42463723107113]
Iters. done: 668 [Current cost: -237.42463723101446]
Iters. done: 669 [Current cost: -237.42463723100968]
Iters. done: 670 [Current cost: -237.424637231034]
Iters. done: 671 [Current cost: -237.42463723103427]
Iters. done: 672 [Current cost: -237.4246372310499]
Iters. done: 673 [Current cost: -237.4246372309773]
Iters. done: 674 [Current cost: -237.42463723105124]
Iters. done: 675 [Current cost: -237.42463723101588]
Iters. done: 676 [Current cost: -237.4246372310311]
Iters. done: 677 [Current cost: -237.42463723104385]
Iters. done: 678 [Current cost: -237.42463723096807]
Iters. done: 679 [Current cost: -237.42463723098382]
Iters. done: 680 [Current cost: -237.42463723095736]
Iters. done: 681 [Current cost: -237.42463723101383]
Iters. done: 682 [Current cost: -237.42463723101378]
Iters. done: 683 [Current cost: -237.4246372309742]
Iters. done: 684 [Current cost: -237.4246372310542]
Iters. done: 685 [Current cost: -237.42463723101432]
Iters. done: 686 [Current cost: -237.4246372310135]
Iters. done: 687 [Current cost: -237.42614627592644]
Iters. done: 688 [Current cost: -237.42614627589515]
Iters. done: 689 [Current cost: -237.42614627592516]
Iters. done: 690 [Current cost: -237.42614627593287]
Iters. done: 691 [Current cost: -237.42614627591934]
Iters. done: 692 [Current cost: -237.42614627594284]
Iters. done: 693 [Current cost: -237.4261462760534]
Iters. done: 694 [Current cost: -237.4261462759264]
Iters. done: 695 [Current cost: -237.42614627593758]
Iters. done: 696 [Current cost: -237.42614627593312]
Iters. done: 697 [Current cost: -237.4261462759266]
Iters. done: 698 [Current cost: -237.42614627588844]
Iters. done: 699 [Current cost: -237.42614627592553]
Iters. done: 700 [Current cost: -237.42614627591144]
Iters. done: 701 [Current cost: -237.4261462759351]
Iters. done: 702 [Current cost: -237.4261462759056]
Iters. done: 703 [Current cost: -237.42614627591192]
Iters. done: 704 [Current cost: -237.42614627601088]
Iters. done: 705 [Current cost: -237.4261462759049]
Iters. done: 706 [Current cost: -237.42614627592644]
Iters. done: 707 [Current cost: -237.42614627592397]
Iters. done: 708 [Current cost: -237.42614627592448]
Iters. done: 709 [Current cost: -237.4261462759294]
Iters. done: 710 [Current cost: -237.42614627594983]
Iters. done: 711 [Current cost: -237.42614627606554]
Iters. done: 712 [Current cost: -237.42614627596015]
Iters. done: 713 [Current cost: -237.4261462759264]
Iters. done: 714 [Current cost: -237.42614627591666]
Iters. done: 715 [Current cost: -237.42614627592422]
Iters. done: 716 [Current cost: -237.42614627592005]
Iters. done: 717 [Current cost: -237.4261462759264]
Iters. done: 718 [Current cost: -237.42614627592425]
Iters. done: 719 [Current cost: -237.42614627592886]
Iters. done: 720 [Current cost: -237.42614627596154]
Iters. done: 721 [Current cost: -237.4261462759291]
Iters. done: 722 [Current cost: -237.4261462759064]
Iters. done: 723 [Current cost: -237.42614627593431]
Iters. done: 724 [Current cost: -237.42614627591868]
Iters. done: 725 [Current cost: -237.42614627592982]
Iters. done: 726 [Current cost: -237.42614627591547]
Iters. done: 727 [Current cost: -237.42614627588821]
Iters. done: 728 [Current cost: -237.4261462759483]
Iters. done: 729 [Current cost: -237.4261462758904]
Iters. done: 730 [Current cost: -237.4261462759264]
Iters. done: 731 [Current cost: -237.4261462759264]
Iters. done: 732 [Current cost: -237.42614627592351]
Iters. done: 733 [Current cost: -237.42614627592943]
Iters. done: 734 [Current cost: -237.4261462759264]
Iters. done: 735 [Current cost: -237.4261462759266]
Iters. done: 736 [Current cost: -237.42635500992637]
Iters. done: 737 [Current cost: -237.4263550099278]
Iters. done: 738 [Current cost: -237.42635500992833]
Iters. done: 739 [Current cost: -237.42635500994783]
Iters. done: 740 [Current cost: -237.4263550099255]
Iters. done: 741 [Current cost: -237.4263550098844]
Iters. done: 742 [Current cost: -237.42635500987797]
Iters. done: 743 [Current cost: -237.42635500992654]
Iters. done: 744 [Current cost: -237.42635500994257]
Iters. done: 745 [Current cost: -237.42635500993666]
Iters. done: 746 [Current cost: -237.4263550099245]
Iters. done: 747 [Current cost: -237.42635500992677]
Iters. done: 748 [Current cost: -237.4263550099261]
Iters. done: 749 [Current cost: -237.42635500993487]
Iters. done: 750 [Current cost: -237.42635500994996]
Iters. done: 751 [Current cost: -237.42635500992412]
Iters. done: 752 [Current cost: -237.42635500995766]
Iters. done: 753 [Current cost: -237.4263550099067]
Iters. done: 754 [Current cost: -237.42635500995218]
Iters. done: 755 [Current cost: -237.42635500992645]
Iters. done: 756 [Current cost: -237.42635500992705]
Iters. done: 757 [Current cost: -237.42635500992714]
Iters. done: 758 [Current cost: -237.42635500992193]
Iters. done: 759 [Current cost: -237.42635500993873]
Iters. done: 760 [Current cost: -237.4263550098011]
Iters. done: 761 [Current cost: -237.42635500993916]
Iters. done: 762 [Current cost: -237.42635500992918]
Iters. done: 763 [Current cost: -237.42635500990494]
Iters. done: 764 [Current cost: -237.4263550099311]
Iters. done: 765 [Current cost: -237.4263550099018]
Iters. done: 766 [Current cost: -237.4263550099264]
Iters. done: 767 [Current cost: -237.42635500992515]
Iters. done: 768 [Current cost: -237.42635500992577]
Iters. done: 769 [Current cost: -237.4263550099445]
Iters. done: 770 [Current cost: -237.42635500992318]
Iters. done: 771 [Current cost: -237.42635500995303]
Iters. done: 772 [Current cost: -237.42635500991727]
Iters. done: 773 [Current cost: -237.42635500990704]
Iters. done: 774 [Current cost: -237.4263550099249]
Iters. done: 775 [Current cost: -237.42635500994535]
Iters. done: 776 [Current cost: -237.42635500994388]

At iterate   15    f= -2.37426D+02    |proj g|=  1.25254D-02

At iterate   16    f= -2.37426D+02    |proj g|=  2.13447D-03

At iterate   17    f= -2.37427D+02    |proj g|=  1.93552D-03

At iterate   18    f= -2.37427D+02    |proj g|=  2.52953D-03
Iters. done: 777 [Current cost: -237.42635500994496]
Iters. done: 778 [Current cost: -237.42635500996266]
Iters. done: 779 [Current cost: -237.42635500992637]
Iters. done: 780 [Current cost: -237.42635500992645]
Iters. done: 781 [Current cost: -237.4263550099336]
Iters. done: 782 [Current cost: -237.42635500991938]
Iters. done: 783 [Current cost: -237.42635500992637]
Iters. done: 784 [Current cost: -237.4263550099264]
Iters. done: 785 [Current cost: -237.42649749695008]
Iters. done: 786 [Current cost: -237.42649749694323]
Iters. done: 787 [Current cost: -237.4264974969502]
Iters. done: 788 [Current cost: -237.42649749694908]
Iters. done: 789 [Current cost: -237.42649749694732]
Iters. done: 790 [Current cost: -237.42649749694417]
Iters. done: 791 [Current cost: -237.42649749694172]
Iters. done: 792 [Current cost: -237.42649749695016]
Iters. done: 793 [Current cost: -237.42649749696736]
Iters. done: 794 [Current cost: -237.42649749695778]
Iters. done: 795 [Current cost: -237.42649749694883]
Iters. done: 796 [Current cost: -237.4264974969467]
Iters. done: 797 [Current cost: -237.42649749695008]
Iters. done: 798 [Current cost: -237.42649749695207]
Iters. done: 799 [Current cost: -237.42649749695136]
Iters. done: 800 [Current cost: -237.42649749694695]
Iters. done: 801 [Current cost: -237.42649749695437]
Iters. done: 802 [Current cost: -237.42649749693555]
Iters. done: 803 [Current cost: -237.42649749695718]
Iters. done: 804 [Current cost: -237.4264974969501]
Iters. done: 805 [Current cost: -237.4264974969496]
Iters. done: 806 [Current cost: -237.42649749694985]
Iters. done: 807 [Current cost: -237.4264974969481]
Iters. done: 808 [Current cost: -237.4264974969585]
Iters. done: 809 [Current cost: -237.42649749693194]
Iters. done: 810 [Current cost: -237.42649749696724]
Iters. done: 811 [Current cost: -237.4264974969518]
Iters. done: 812 [Current cost: -237.4264974969332]
Iters. done: 813 [Current cost: -237.4264974969525]
Iters. done: 814 [Current cost: -237.4264974969412]
Iters. done: 815 [Current cost: -237.42649749695002]
Iters. done: 816 [Current cost: -237.4264974969487]
Iters. done: 817 [Current cost: -237.42649749695056]
Iters. done: 818 [Current cost: -237.42649749697142]
Iters. done: 819 [Current cost: -237.42649749694888]
Iters. done: 820 [Current cost: -237.42649749695752]
Iters. done: 821 [Current cost: -237.42649749695104]
Iters. done: 822 [Current cost: -237.42649749693385]
Iters. done: 823 [Current cost: -237.42649749694996]
Iters. done: 824 [Current cost: -237.42649749695988]
Iters. done: 825 [Current cost: -237.42649749695215]
Iters. done: 826 [Current cost: -237.42649749696048]
Iters. done: 827 [Current cost: -237.42649749695553]
Iters. done: 828 [Current cost: -237.42649749695008]
Iters. done: 829 [Current cost: -237.42649749695008]
Iters. done: 830 [Current cost: -237.42649749695389]
Iters. done: 831 [Current cost: -237.42649749694644]
Iters. done: 832 [Current cost: -237.42649749695005]
Iters. done: 833 [Current cost: -237.42649749695013]
Iters. done: 834 [Current cost: -237.42653287310753]
Iters. done: 835 [Current cost: -237.4265328731042]
Iters. done: 836 [Current cost: -237.42653287310762]
Iters. done: 837 [Current cost: -237.42653287310395]
Iters. done: 838 [Current cost: -237.42653287310472]
Iters. done: 839 [Current cost: -237.4265328731059]
Iters. done: 840 [Current cost: -237.42653287310537]
Iters. done: 841 [Current cost: -237.42653287310762]
Iters. done: 842 [Current cost: -237.4265328731234]
Iters. done: 843 [Current cost: -237.4265328731139]
Iters. done: 844 [Current cost: -237.42653287310645]
Iters. done: 845 [Current cost: -237.42653287310807]
Iters. done: 846 [Current cost: -237.42653287310756]
Iters. done: 847 [Current cost: -237.4265328731086]
Iters. done: 848 [Current cost: -237.426532873106]
Iters. done: 849 [Current cost: -237.4265328731022]
Iters. done: 850 [Current cost: -237.42653287310674]
Iters. done: 851 [Current cost: -237.42653287309878]
Iters. done: 852 [Current cost: -237.42653287310952]
Iters. done: 853 [Current cost: -237.42653287310767]
Iters. done: 854 [Current cost: -237.42653287310688]
Iters. done: 855 [Current cost: -237.4265328731073]
Iters. done: 856 [Current cost: -237.42653287310628]
Iters. done: 857 [Current cost: -237.42653287311023]
Iters. done: 858 [Current cost: -237.42653287310887]
Iters. done: 859 [Current cost: -237.42653287312353]
Iters. done: 860 [Current cost: -237.42653287310895]
Iters. done: 861 [Current cost: -237.42653287309304]
Iters. done: 862 [Current cost: -237.42653287310984]
Iters. done: 863 [Current cost: -237.42653287310557]
Iters. done: 864 [Current cost: -237.4265328731075]
Iters. done: 865 [Current cost: -237.42653287310637]
Iters. done: 866 [Current cost: -237.42653287310816]
Iters. done: 867 [Current cost: -237.4265328731269]
Iters. done: 868 [Current cost: -237.426532873107]
Iters. done: 869 [Current cost: -237.42653287310978]
Iters. done: 870 [Current cost: -237.42653287310895]
Iters. done: 871 [Current cost: -237.42653287309147]
Iters. done: 872 [Current cost: -237.42653287310725]
Iters. done: 873 [Current cost: -237.42653287311518]
Iters. done: 874 [Current cost: -237.42653287310807]
Iters. done: 875 [Current cost: -237.42653287311157]
Iters. done: 876 [Current cost: -237.4265328731103]
Iters. done: 877 [Current cost: -237.42653287310756]
Iters. done: 878 [Current cost: -237.42653287310762]
Iters. done: 879 [Current cost: -237.42653287311103]
Iters. done: 880 [Current cost: -237.4265328731042]
Iters. done: 881 [Current cost: -237.42653287310756]
Iters. done: 882 [Current cost: -237.4265328731076]
Iters. done: 883 [Current cost: -237.42662077959625]
Iters. done: 884 [Current cost: -237.42662077960642]
Iters. done: 885 [Current cost: -237.42662077959497]
Iters. done: 886 [Current cost: -237.42662077958738]
Iters. done: 887 [Current cost: -237.42662077959474]
Iters. done: 888 [Current cost: -237.42662077960503]
Iters. done: 889 [Current cost: -237.4266207795964]
Iters. done: 890 [Current cost: -237.42662077959628]
Iters. done: 891 [Current cost: -237.42662077960907]
Iters. done: 892 [Current cost: -237.4266207795969]
Iters. done: 893 [Current cost: -237.426620779595]
Iters. done: 894 [Current cost: -237.4266207796052]
Iters. done: 895 [Current cost: -237.4266207795963]
Iters. done: 896 [Current cost: -237.42662077959554]
Iters. done: 897 [Current cost: -237.42662077958846]
Iters. done: 898 [Current cost: -237.426620779591]
Iters. done: 899 [Current cost: -237.42662077958738]
Iters. done: 900 [Current cost: -237.42662077959977]
Iters. done: 901 [Current cost: -237.42662077959005]
Iters. done: 902 [Current cost: -237.42662077959622]
Iters. done: 903 [Current cost: -237.4266207795962]
Iters. done: 904 [Current cost: -237.42662077959645]
Iters. done: 905 [Current cost: -237.426620779595]
Iters. done: 906 [Current cost: -237.42662077958383]
Iters. done: 907 [Current cost: -237.42662077962154]
Iters. done: 908 [Current cost: -237.42662077960574]
Iters. done: 909 [Current cost: -237.426620779598]
Iters. done: 910 [Current cost: -237.42662077958988]
Iters. done: 911 [Current cost: -237.4266207795995]
Iters. done: 912 [Current cost: -237.42662077960654]
Iters. done: 913 [Current cost: -237.4266207795963]
Iters. done: 914 [Current cost: -237.42662077959562]
Iters. done: 915 [Current cost: -237.42662077959636]
Iters. done: 916 [Current cost: -237.42662077960497]
Iters. done: 917 [Current cost: -237.42662077959605]
Iters. done: 918 [Current cost: -237.42662077959042]
Iters. done: 919 [Current cost: -237.4266207795961]
Iters. done: 920 [Current cost: -237.42662077958153]
Iters. done: 921 [Current cost: -237.42662077959523]
Iters. done: 922 [Current cost: -237.42662077960065]
Iters. done: 923 [Current cost: -237.42662077959451]
Iters. done: 924 [Current cost: -237.42662077958266]
Iters. done: 925 [Current cost: -237.4266207795898]
Iters. done: 926 [Current cost: -237.42662077959625]
Iters. done: 927 [Current cost: -237.42662077959625]
Iters. done: 928 [Current cost: -237.42662077960054]
Iters. done: 929 [Current cost: -237.4266207795919]
Iters. done: 930 [Current cost: -237.42662077959628]
Iters. done: 931 [Current cost: -237.4266207795963]

At iterate   19    f= -2.37427D+02    |proj g|=  3.03260D-03

At iterate   20    f= -2.37427D+02    |proj g|=  2.27374D-03
Iters. done: 932 [Current cost: -237.4266888300953]
Iters. done: 933 [Current cost: -237.42668883010592]
Iters. done: 934 [Current cost: -237.42668883009216]
Iters. done: 935 [Current cost: -237.4266888300848]
Iters. done: 936 [Current cost: -237.42668883009486]
Iters. done: 937 [Current cost: -237.4266888301047]
Iters. done: 938 [Current cost: -237.42668883010833]
Iters. done: 939 [Current cost: -237.42668883009532]
Iters. done: 940 [Current cost: -237.4266888301043]
Iters. done: 941 [Current cost: -237.42668883009182]
Iters. done: 942 [Current cost: -237.42668883009424]
Iters. done: 943 [Current cost: -237.426688830101]
Iters. done: 944 [Current cost: -237.42668883009523]
Iters. done: 945 [Current cost: -237.42668883009284]
Iters. done: 946 [Current cost: -237.4266888300854]
Iters. done: 947 [Current cost: -237.4266888300914]
Iters. done: 948 [Current cost: -237.42668883008747]
Iters. done: 949 [Current cost: -237.4266888300993]
Iters. done: 950 [Current cost: -237.42668883009154]
Iters. done: 951 [Current cost: -237.42668883009526]
Iters. done: 952 [Current cost: -237.4266888300954]
Iters. done: 953 [Current cost: -237.42668883009551]
Iters. done: 954 [Current cost: -237.42668883009452]
Iters. done: 955 [Current cost: -237.42668883008466]
Iters. done: 956 [Current cost: -237.4266888301256]
Iters. done: 957 [Current cost: -237.42668883010293]
Iters. done: 958 [Current cost: -237.42668883009677]
Iters. done: 959 [Current cost: -237.42668883009617]
Iters. done: 960 [Current cost: -237.4266888300979]
Iters. done: 961 [Current cost: -237.426688830105]
Iters. done: 962 [Current cost: -237.42668883009532]
Iters. done: 963 [Current cost: -237.42668883009497]
Iters. done: 964 [Current cost: -237.4266888300953]
Iters. done: 965 [Current cost: -237.42668883009483]
Iters. done: 966 [Current cost: -237.42668883009515]
Iters. done: 967 [Current cost: -237.42668883009165]
Iters. done: 968 [Current cost: -237.4266888300956]
Iters. done: 969 [Current cost: -237.4266888300868]
Iters. done: 970 [Current cost: -237.4266888300942]
Iters. done: 971 [Current cost: -237.42668883009196]
Iters. done: 972 [Current cost: -237.4266888300899]
Iters. done: 973 [Current cost: -237.42668883008182]
Iters. done: 974 [Current cost: -237.42668883009404]
Iters. done: 975 [Current cost: -237.4266888300952]
Iters. done: 976 [Current cost: -237.42668883009506]
Iters. done: 977 [Current cost: -237.42668883009858]
Iters. done: 978 [Current cost: -237.42668883009185]
Iters. done: 979 [Current cost: -237.4266888300953]
Iters. done: 980 [Current cost: -237.4266888300953]
Iters. done: 981 [Current cost: -237.42666767094136]
Iters. done: 982 [Current cost: -237.42666767094357]
Iters. done: 983 [Current cost: -237.42666767093692]
Iters. done: 984 [Current cost: -237.4266676709503]
Iters. done: 985 [Current cost: -237.42666767094218]
Iters. done: 986 [Current cost: -237.42666767096037]
Iters. done: 987 [Current cost: -237.42666767087115]
Iters. done: 988 [Current cost: -237.42666767094133]
Iters. done: 989 [Current cost: -237.42666767094642]
Iters. done: 990 [Current cost: -237.42666767093922]
Iters. done: 991 [Current cost: -237.42666767094093]
Iters. done: 992 [Current cost: -237.42666767094744]
Iters. done: 993 [Current cost: -237.4266676709414]
Iters. done: 994 [Current cost: -237.42666767095312]
Iters. done: 995 [Current cost: -237.42666767095045]
Iters. done: 996 [Current cost: -237.42666767094684]
Iters. done: 997 [Current cost: -237.42666767093004]
Iters. done: 998 [Current cost: -237.4266676709153]
Iters. done: 999 [Current cost: -237.42666767091316]
Iters. done: 1000 [Current cost: -237.4266676709413]
Iters. done: 1001 [Current cost: -237.42666767094204]
Iters. done: 1002 [Current cost: -237.426667670942]
Iters. done: 1003 [Current cost: -237.42666767093922]
Iters. done: 1004 [Current cost: -237.4266676709365]
Iters. done: 1005 [Current cost: -237.42666767094568]
Iters. done: 1006 [Current cost: -237.4266676709383]
Iters. done: 1007 [Current cost: -237.42666767094207]
Iters. done: 1008 [Current cost: -237.42666767094192]
Iters. done: 1009 [Current cost: -237.42666767094224]
Iters. done: 1010 [Current cost: -237.42666767094104]
Iters. done: 1011 [Current cost: -237.42666767094124]
Iters. done: 1012 [Current cost: -237.42666767094133]
Iters. done: 1013 [Current cost: -237.4266676709405]
Iters. done: 1014 [Current cost: -237.426667670923]
Iters. done: 1015 [Current cost: -237.42666767093954]
Iters. done: 1016 [Current cost: -237.42666767091305]
Iters. done: 1017 [Current cost: -237.42666767094747]
Iters. done: 1018 [Current cost: -237.42666767093706]
Iters. done: 1019 [Current cost: -237.42666767094107]
Iters. done: 1020 [Current cost: -237.4266676709545]
Iters. done: 1021 [Current cost: -237.42666767096904]
Iters. done: 1022 [Current cost: -237.42666767094354]
Iters. done: 1023 [Current cost: -237.4266676708955]
Iters. done: 1024 [Current cost: -237.42666767094127]
Iters. done: 1025 [Current cost: -237.42666767094127]
Iters. done: 1026 [Current cost: -237.42666767094292]
Iters. done: 1027 [Current cost: -237.42666767093965]
Iters. done: 1028 [Current cost: -237.42666767094119]
Iters. done: 1029 [Current cost: -237.42666767094136]
Iters. done: 1030 [Current cost: -237.4267170745977]
Iters. done: 1031 [Current cost: -237.42671707460508]
Iters. done: 1032 [Current cost: -237.42671707459417]
Iters. done: 1033 [Current cost: -237.42671707459579]
Iters. done: 1034 [Current cost: -237.42671707459803]
Iters. done: 1035 [Current cost: -237.42671707461133]
Iters. done: 1036 [Current cost: -237.42671707457495]
Iters. done: 1037 [Current cost: -237.42671707459772]
Iters. done: 1038 [Current cost: -237.42671707460497]
Iters. done: 1039 [Current cost: -237.426717074595]
Iters. done: 1040 [Current cost: -237.42671707459704]
Iters. done: 1041 [Current cost: -237.42671707460389]
Iters. done: 1042 [Current cost: -237.42671707459772]
Iters. done: 1043 [Current cost: -237.42671707460138]
Iters. done: 1044 [Current cost: -237.42671707459624]
Iters. done: 1045 [Current cost: -237.42671707459795]
Iters. done: 1046 [Current cost: -237.42671707458845]
Iters. done: 1047 [Current cost: -237.42671707458874]
Iters. done: 1048 [Current cost: -237.42671707458345]
Iters. done: 1049 [Current cost: -237.42671707459775]
Iters. done: 1050 [Current cost: -237.4267170745982]
Iters. done: 1051 [Current cost: -237.42671707459823]
Iters. done: 1052 [Current cost: -237.42671707459644]
Iters. done: 1053 [Current cost: -237.42671707458973]
Iters. done: 1054 [Current cost: -237.4267170746169]
Iters. done: 1055 [Current cost: -237.42671707460084]
Iters. done: 1056 [Current cost: -237.4267170745988]
Iters. done: 1057 [Current cost: -237.42671707459849]
Iters. done: 1058 [Current cost: -237.42671707459974]
Iters. done: 1059 [Current cost: -237.42671707460318]
Iters. done: 1060 [Current cost: -237.42671707459778]
Iters. done: 1061 [Current cost: -237.4267170745977]
Iters. done: 1062 [Current cost: -237.4267170745973]
Iters. done: 1063 [Current cost: -237.42671707458965]
Iters. done: 1064 [Current cost: -237.42671707459706]
Iters. done: 1065 [Current cost: -237.42671707458365]
Iters. done: 1066 [Current cost: -237.4267170746006]
Iters. done: 1067 [Current cost: -237.42671707459104]
Iters. done: 1068 [Current cost: -237.4267170745971]
Iters. done: 1069 [Current cost: -237.42671707460167]
Iters. done: 1070 [Current cost: -237.42671707460676]
Iters. done: 1071 [Current cost: -237.426717074591]
Iters. done: 1072 [Current cost: -237.42671707457748]
Iters. done: 1073 [Current cost: -237.42671707459772]
Iters. done: 1074 [Current cost: -237.4267170745977]
Iters. done: 1075 [Current cost: -237.4267170746004]
Iters. done: 1076 [Current cost: -237.42671707459508]
Iters. done: 1077 [Current cost: -237.42671707459766]
Iters. done: 1078 [Current cost: -237.42671707459778]
Iters. done: 1079 [Current cost: -237.42674521276504]
Iters. done: 1080 [Current cost: -237.42674521276436]
Iters. done: 1081 [Current cost: -237.42674521276058]
Iters. done: 1082 [Current cost: -237.4267452127646]
Iters. done: 1083 [Current cost: -237.4267452127661]
Iters. done: 1084 [Current cost: -237.4267452127696]

At iterate   21    f= -2.37427D+02    |proj g|=  9.37916D-04

At iterate   22    f= -2.37427D+02    |proj g|=  7.47491D-04

At iterate   23    f= -2.37427D+02    |proj g|=  4.91696D-04
Iters. done: 1085 [Current cost: -237.4267452127655]
Iters. done: 1086 [Current cost: -237.42674521276496]
Iters. done: 1087 [Current cost: -237.4267452127691]
Iters. done: 1088 [Current cost: -237.4267452127637]
Iters. done: 1089 [Current cost: -237.4267452127645]
Iters. done: 1090 [Current cost: -237.42674521276504]
Iters. done: 1091 [Current cost: -237.42674521276498]
Iters. done: 1092 [Current cost: -237.42674521276732]
Iters. done: 1093 [Current cost: -237.4267452127648]
Iters. done: 1094 [Current cost: -237.42674521276575]
Iters. done: 1095 [Current cost: -237.42674521276223]
Iters. done: 1096 [Current cost: -237.42674521277394]
Iters. done: 1097 [Current cost: -237.42674521276285]
Iters. done: 1098 [Current cost: -237.42674521276496]
Iters. done: 1099 [Current cost: -237.4267452127658]
Iters. done: 1100 [Current cost: -237.4267452127658]
Iters. done: 1101 [Current cost: -237.42674521276294]
Iters. done: 1102 [Current cost: -237.42674521276405]
Iters. done: 1103 [Current cost: -237.42674521276163]
Iters. done: 1104 [Current cost: -237.4267452127681]
Iters. done: 1105 [Current cost: -237.4267452127659]
Iters. done: 1106 [Current cost: -237.42674521276822]
Iters. done: 1107 [Current cost: -237.42674521276672]
Iters. done: 1108 [Current cost: -237.42674521276987]
Iters. done: 1109 [Current cost: -237.42674521276504]
Iters. done: 1110 [Current cost: -237.42674521276498]
Iters. done: 1111 [Current cost: -237.42674521276425]
Iters. done: 1112 [Current cost: -237.42674521275566]
Iters. done: 1113 [Current cost: -237.42674521276345]
Iters. done: 1114 [Current cost: -237.42674521276277]
Iters. done: 1115 [Current cost: -237.42674521277007]
Iters. done: 1116 [Current cost: -237.42674521276427]
Iters. done: 1117 [Current cost: -237.4267452127643]
Iters. done: 1118 [Current cost: -237.426745212762]
Iters. done: 1119 [Current cost: -237.42674521276666]
Iters. done: 1120 [Current cost: -237.4267452127648]
Iters. done: 1121 [Current cost: -237.42674521276595]
Iters. done: 1122 [Current cost: -237.426745212765]
Iters. done: 1123 [Current cost: -237.42674521276507]
Iters. done: 1124 [Current cost: -237.42674521276743]
Iters. done: 1125 [Current cost: -237.42674521276263]
Iters. done: 1126 [Current cost: -237.4267452127651]
Iters. done: 1127 [Current cost: -237.42674521276496]
Iters. done: 1128 [Current cost: -237.42675119257993]
Iters. done: 1129 [Current cost: -237.4267511925777]
Iters. done: 1130 [Current cost: -237.426751192576]
Iters. done: 1131 [Current cost: -237.42675119258251]
Iters. done: 1132 [Current cost: -237.4267511925806]
Iters. done: 1133 [Current cost: -237.4267511925793]
Iters. done: 1134 [Current cost: -237.42675119257598]
Iters. done: 1135 [Current cost: -237.42675119257981]
Iters. done: 1136 [Current cost: -237.42675119258254]
Iters. done: 1137 [Current cost: -237.42675119257945]
Iters. done: 1138 [Current cost: -237.4267511925793]
Iters. done: 1139 [Current cost: -237.4267511925787]
Iters. done: 1140 [Current cost: -237.42675119257987]
Iters. done: 1141 [Current cost: -237.42675119258078]
Iters. done: 1142 [Current cost: -237.42675119258257]
Iters. done: 1143 [Current cost: -237.42675119257933]
Iters. done: 1144 [Current cost: -237.4267511925813]
Iters. done: 1145 [Current cost: -237.4267511925754]
Iters. done: 1146 [Current cost: -237.4267511925814]
Iters. done: 1147 [Current cost: -237.42675119257981]
Iters. done: 1148 [Current cost: -237.42675119258055]
Iters. done: 1149 [Current cost: -237.42675119258058]
Iters. done: 1150 [Current cost: -237.4267511925781]
Iters. done: 1151 [Current cost: -237.42675119258152]
Iters. done: 1152 [Current cost: -237.4267511925788]
Iters. done: 1153 [Current cost: -237.4267511925826]
Iters. done: 1154 [Current cost: -237.4267511925806]
Iters. done: 1155 [Current cost: -237.4267511925822]
Iters. done: 1156 [Current cost: -237.42675119258124]
Iters. done: 1157 [Current cost: -237.42675119258098]
Iters. done: 1158 [Current cost: -237.42675119257999]
Iters. done: 1159 [Current cost: -237.42675119257976]
Iters. done: 1160 [Current cost: -237.42675119257922]
Iters. done: 1161 [Current cost: -237.42675119257245]
Iters. done: 1162 [Current cost: -237.42675119257834]
Iters. done: 1163 [Current cost: -237.42675119258126]
Iters. done: 1164 [Current cost: -237.42675119258175]
Iters. done: 1165 [Current cost: -237.42675119257913]
Iters. done: 1166 [Current cost: -237.4267511925795]
Iters. done: 1167 [Current cost: -237.4267511925772]
Iters. done: 1168 [Current cost: -237.4267511925798]
Iters. done: 1169 [Current cost: -237.42675119258146]
Iters. done: 1170 [Current cost: -237.42675119258078]
Iters. done: 1171 [Current cost: -237.42675119257981]
Iters. done: 1172 [Current cost: -237.4267511925798]
Iters. done: 1173 [Current cost: -237.4267511925818]
Iters. done: 1174 [Current cost: -237.42675119257797]
Iters. done: 1175 [Current cost: -237.42675119257987]
Iters. done: 1176 [Current cost: -237.4267511925799]
Iters. done: 1177 [Current cost: -237.42675659690624]
Iters. done: 1178 [Current cost: -237.42675659690346]
Iters. done: 1179 [Current cost: -237.42675659690323]
Iters. done: 1180 [Current cost: -237.42675659690747]
Iters. done: 1181 [Current cost: -237.42675659690684]
Iters. done: 1182 [Current cost: -237.42675659690312]
Iters. done: 1183 [Current cost: -237.42675659690565]
Iters. done: 1184 [Current cost: -237.4267565969062]
Iters. done: 1185 [Current cost: -237.42675659690843]
Iters. done: 1186 [Current cost: -237.42675659690707]
Iters. done: 1187 [Current cost: -237.42675659690593]
Iters. done: 1188 [Current cost: -237.42675659690394]
Iters. done: 1189 [Current cost: -237.42675659690624]
Iters. done: 1190 [Current cost: -237.42675659690664]
Iters. done: 1191 [Current cost: -237.42675659690767]
Iters. done: 1192 [Current cost: -237.42675659690536]
Iters. done: 1193 [Current cost: -237.42675659691116]
Iters. done: 1194 [Current cost: -237.42675659690363]
Iters. done: 1195 [Current cost: -237.4267565969081]
Iters. done: 1196 [Current cost: -237.42675659690622]
Iters. done: 1197 [Current cost: -237.42675659690678]
Iters. done: 1198 [Current cost: -237.42675659690673]
Iters. done: 1199 [Current cost: -237.42675659690525]
Iters. done: 1200 [Current cost: -237.42675659690997]
Iters. done: 1201 [Current cost: -237.42675659690167]
Iters. done: 1202 [Current cost: -237.4267565969076]
Iters. done: 1203 [Current cost: -237.42675659690678]
Iters. done: 1204 [Current cost: -237.42675659690673]
Iters. done: 1205 [Current cost: -237.42675659690707]
Iters. done: 1206 [Current cost: -237.4267565969031]
Iters. done: 1207 [Current cost: -237.42675659690633]
Iters. done: 1208 [Current cost: -237.42675659690627]
Iters. done: 1209 [Current cost: -237.4267565969059]
Iters. done: 1210 [Current cost: -237.42675659690153]
Iters. done: 1211 [Current cost: -237.4267565969055]
Iters. done: 1212 [Current cost: -237.42675659690806]
Iters. done: 1213 [Current cost: -237.42675659690576]
Iters. done: 1214 [Current cost: -237.42675659690485]
Iters. done: 1215 [Current cost: -237.42675659690602]
Iters. done: 1216 [Current cost: -237.42675659690687]
Iters. done: 1217 [Current cost: -237.4267565969075]
Iters. done: 1218 [Current cost: -237.42675659690917]
Iters. done: 1219 [Current cost: -237.42675659690494]
Iters. done: 1220 [Current cost: -237.42675659690624]
Iters. done: 1221 [Current cost: -237.42675659690627]
Iters. done: 1222 [Current cost: -237.42675659690732]
Iters. done: 1223 [Current cost: -237.42675659690516]
Iters. done: 1224 [Current cost: -237.42675659690627]
Iters. done: 1225 [Current cost: -237.42675659690616]
Iters. done: 1226 [Current cost: -237.42676022415773]
Iters. done: 1227 [Current cost: -237.4267602241553]
Iters. done: 1228 [Current cost: -237.4267602241565]
Iters. done: 1229 [Current cost: -237.42676022415955]
Iters. done: 1230 [Current cost: -237.4267602241574]
Iters. done: 1231 [Current cost: -237.42676022415728]
Iters. done: 1232 [Current cost: -237.42676022414724]
Iters. done: 1233 [Current cost: -237.42676022415768]
Iters. done: 1234 [Current cost: -237.42676022415742]
Iters. done: 1235 [Current cost: -237.42676022416]
Iters. done: 1236 [Current cost: -237.42676022415785]

At iterate   24    f= -2.37427D+02    |proj g|=  1.15108D-03

At iterate   25    f= -2.37427D+02    |proj g|=  2.75691D-04

At iterate   26    f= -2.37427D+02    |proj g|=  1.16529D-04

           * * *

Tit   = total number of iterations
Tnf   = total number of function evaluations
Tnint = total number of segments explored during Cauchy searches
Skip  = number of BFGS updates skipped
Nact  = number of active bounds at final generalized Cauchy point
Projg = norm of the final projected gradient
F     = final function value

           * * *

   N    Tit     Tnf  Tnint  Skip  Nact     Projg        F
   48     26     28      1     0     0   1.165D-04  -2.374D+02
  F =  -237.42676238640789     

CONVERGENCE: REL_REDUCTION_OF_F_<=_FACTR*EPSMCH             
Iters. done: 1237 [Current cost: -237.42676022415796]
Iters. done: 1238 [Current cost: -237.42676022415768]
Iters. done: 1239 [Current cost: -237.42676022415668]
Iters. done: 1240 [Current cost: -237.4267602241595]
Iters. done: 1241 [Current cost: -237.42676022415597]
Iters. done: 1242 [Current cost: -237.4267602241581]
Iters. done: 1243 [Current cost: -237.42676022414622]
Iters. done: 1244 [Current cost: -237.4267602241599]
Iters. done: 1245 [Current cost: -237.4267602241577]
Iters. done: 1246 [Current cost: -237.42676022415756]
Iters. done: 1247 [Current cost: -237.42676022415753]
Iters. done: 1248 [Current cost: -237.42676022415804]
Iters. done: 1249 [Current cost: -237.4267602241592]
Iters. done: 1250 [Current cost: -237.42676022415512]
Iters. done: 1251 [Current cost: -237.42676022415694]
Iters. done: 1252 [Current cost: -237.42676022415756]
Iters. done: 1253 [Current cost: -237.42676022415694]
Iters. done: 1254 [Current cost: -237.42676022415736]
Iters. done: 1255 [Current cost: -237.4267602241551]
Iters. done: 1256 [Current cost: -237.42676022415768]
Iters. done: 1257 [Current cost: -237.42676022415768]
Iters. done: 1258 [Current cost: -237.42676022415776]
Iters. done: 1259 [Current cost: -237.42676022415787]
Iters. done: 1260 [Current cost: -237.42676022415796]
Iters. done: 1261 [Current cost: -237.4267602241599]
Iters. done: 1262 [Current cost: -237.42676022415682]
Iters. done: 1263 [Current cost: -237.42676022415645]
Iters. done: 1264 [Current cost: -237.42676022415782]
Iters. done: 1265 [Current cost: -237.42676022415645]
Iters. done: 1266 [Current cost: -237.426760224156]
Iters. done: 1267 [Current cost: -237.4267602241596]
Iters. done: 1268 [Current cost: -237.42676022416438]
Iters. done: 1269 [Current cost: -237.42676022415768]
Iters. done: 1270 [Current cost: -237.4267602241577]
Iters. done: 1271 [Current cost: -237.42676022415716]
Iters. done: 1272 [Current cost: -237.42676022415807]
Iters. done: 1273 [Current cost: -237.42676022415768]
Iters. done: 1274 [Current cost: -237.42676022415765]
Iters. done: 1275 [Current cost: -237.42676203838656]
Iters. done: 1276 [Current cost: -237.42676203838568]
Iters. done: 1277 [Current cost: -237.42676203838568]
Iters. done: 1278 [Current cost: -237.42676203838928]
Iters. done: 1279 [Current cost: -237.42676203838616]
Iters. done: 1280 [Current cost: -237.42676203838576]
Iters. done: 1281 [Current cost: -237.42676203838897]
Iters. done: 1282 [Current cost: -237.4267620383865]
Iters. done: 1283 [Current cost: -237.42676203838639]
Iters. done: 1284 [Current cost: -237.42676203838792]
Iters. done: 1285 [Current cost: -237.4267620383867]
Iters. done: 1286 [Current cost: -237.42676203838639]
Iters. done: 1287 [Current cost: -237.42676203838653]
Iters. done: 1288 [Current cost: -237.42676203838602]
Iters. done: 1289 [Current cost: -237.4267620383893]
Iters. done: 1290 [Current cost: -237.4267620383859]
Iters. done: 1291 [Current cost: -237.4267620383871]
Iters. done: 1292 [Current cost: -237.4267620383883]
Iters. done: 1293 [Current cost: -237.4267620383876]
Iters. done: 1294 [Current cost: -237.4267620383865]
Iters. done: 1295 [Current cost: -237.4267620383863]
Iters. done: 1296 [Current cost: -237.4267620383863]
Iters. done: 1297 [Current cost: -237.42676203838707]
Iters. done: 1298 [Current cost: -237.42676203838622]
Iters. done: 1299 [Current cost: -237.42676203838477]
Iters. done: 1300 [Current cost: -237.42676203838536]
Iters. done: 1301 [Current cost: -237.42676203838627]
Iters. done: 1302 [Current cost: -237.426762038386]
Iters. done: 1303 [Current cost: -237.42676203838607]
Iters. done: 1304 [Current cost: -237.426762038386]
Iters. done: 1305 [Current cost: -237.4267620383864]
Iters. done: 1306 [Current cost: -237.42676203838653]
Iters. done: 1307 [Current cost: -237.42676203838687]
Iters. done: 1308 [Current cost: -237.4267620383866]
Iters. done: 1309 [Current cost: -237.426762038387]
Iters. done: 1310 [Current cost: -237.42676203838758]
Iters. done: 1311 [Current cost: -237.4267620383859]
Iters. done: 1312 [Current cost: -237.42676203838556]
Iters. done: 1313 [Current cost: -237.42676203838673]
Iters. done: 1314 [Current cost: -237.4267620383866]
Iters. done: 1315 [Current cost: -237.4267620383865]
Iters. done: 1316 [Current cost: -237.42676203838715]
Iters. done: 1317 [Current cost: -237.42676203838394]
Iters. done: 1318 [Current cost: -237.4267620383865]
Iters. done: 1319 [Current cost: -237.42676203838653]
Iters. done: 1320 [Current cost: -237.4267620383859]
Iters. done: 1321 [Current cost: -237.42676203838724]
Iters. done: 1322 [Current cost: -237.4267620383866]
Iters. done: 1323 [Current cost: -237.42676203838636]
Iters. done: 1324 [Current cost: -237.4267623864079]
Iters. done: 1325 [Current cost: -237.4267623864074]
Iters. done: 1326 [Current cost: -237.42676238640698]
Iters. done: 1327 [Current cost: -237.42676238640837]
Iters. done: 1328 [Current cost: -237.4267623864076]
Iters. done: 1329 [Current cost: -237.42676238640783]
Iters. done: 1330 [Current cost: -237.42676238640865]
Iters. done: 1331 [Current cost: -237.42676238640792]
Iters. done: 1332 [Current cost: -237.42676238640829]
Iters. done: 1333 [Current cost: -237.42676238640905]
Iters. done: 1334 [Current cost: -237.426762386408]
Iters. done: 1335 [Current cost: -237.4267623864082]
Iters. done: 1336 [Current cost: -237.4267623864079]
Iters. done: 1337 [Current cost: -237.42676238640752]
Iters. done: 1338 [Current cost: -237.42676238640834]
Iters. done: 1339 [Current cost: -237.4267623864076]
Iters. done: 1340 [Current cost: -237.42676238640794]
Iters. done: 1341 [Current cost: -237.42676238640848]
Iters. done: 1342 [Current cost: -237.42676238640834]
Iters. done: 1343 [Current cost: -237.4267623864079]
Iters. done: 1344 [Current cost: -237.42676238640766]
Iters. done: 1345 [Current cost: -237.4267623864077]
Iters. done: 1346 [Current cost: -237.42676238640829]
Iters. done: 1347 [Current cost: -237.42676238640752]
Iters. done: 1348 [Current cost: -237.42676238640752]
Iters. done: 1349 [Current cost: -237.4267623864071]
Iters. done: 1350 [Current cost: -237.42676238640772]
Iters. done: 1351 [Current cost: -237.42676238640777]
Iters. done: 1352 [Current cost: -237.4267623864077]
Iters. done: 1353 [Current cost: -237.42676238640797]
Iters. done: 1354 [Current cost: -237.42676238640794]
Iters. done: 1355 [Current cost: -237.4267623864079]
Iters. done: 1356 [Current cost: -237.4267623864081]
Iters. done: 1357 [Current cost: -237.4267623864078]
Iters. done: 1358 [Current cost: -237.42676238640826]
Iters. done: 1359 [Current cost: -237.4267623864085]
Iters. done: 1360 [Current cost: -237.42676238640777]
Iters. done: 1361 [Current cost: -237.42676238640718]
Iters. done: 1362 [Current cost: -237.42676238640803]
Iters. done: 1363 [Current cost: -237.4267623864076]
Iters. done: 1364 [Current cost: -237.42676238640763]
Iters. done: 1365 [Current cost: -237.4267623864081]
Iters. done: 1366 [Current cost: -237.426762386407]
Iters. done: 1367 [Current cost: -237.42676238640786]
Iters. done: 1368 [Current cost: -237.42676238640797]
Iters. done: 1369 [Current cost: -237.42676238640735]
Iters. done: 1370 [Current cost: -237.42676238640843]
Iters. done: 1371 [Current cost: -237.42676238640786]
Iters. done: 1372 [Current cost: -237.42676238640797]
Plot saved as cost_history_plot.png
